06-Jun-2017 15:15:15.174 信息 [main] org.apache.catalina.startup.VersionLoggerListener.log Server version:        Apache Tomcat/8.5.9
06-Jun-2017 15:15:15.178 信息 [main] org.apache.catalina.startup.VersionLoggerListener.log Server built:          Dec 5 2016 20:18:12 UTC
06-Jun-2017 15:15:15.178 信息 [main] org.apache.catalina.startup.VersionLoggerListener.log Server number:         8.5.9.0
06-Jun-2017 15:15:15.178 信息 [main] org.apache.catalina.startup.VersionLoggerListener.log OS Name:               Windows 10
06-Jun-2017 15:15:15.178 信息 [main] org.apache.catalina.startup.VersionLoggerListener.log OS Version:            10.0
06-Jun-2017 15:15:15.178 信息 [main] org.apache.catalina.startup.VersionLoggerListener.log Architecture:          amd64
06-Jun-2017 15:15:15.179 信息 [main] org.apache.catalina.startup.VersionLoggerListener.log Java Home:             C:\Program Files\Java\jdk1.8.0_121\jre
06-Jun-2017 15:15:15.179 信息 [main] org.apache.catalina.startup.VersionLoggerListener.log JVM Version:           1.8.0_121-b13
06-Jun-2017 15:15:15.179 信息 [main] org.apache.catalina.startup.VersionLoggerListener.log JVM Vendor:            Oracle Corporation
06-Jun-2017 15:15:15.179 信息 [main] org.apache.catalina.startup.VersionLoggerListener.log CATALINA_BASE:         F:\Code\DBMS\ContractManagement-GitHub1\Contact-Manegement-System\apache-tomcat-8.5.9
06-Jun-2017 15:15:15.179 信息 [main] org.apache.catalina.startup.VersionLoggerListener.log CATALINA_HOME:         F:\Code\DBMS\ContractManagement-GitHub1\Contact-Manegement-System\apache-tomcat-8.5.9
06-Jun-2017 15:15:15.180 信息 [main] org.apache.catalina.startup.VersionLoggerListener.log Command line argument: -Djava.util.logging.config.file=F:\Code\DBMS\ContractManagement-GitHub1\Contact-Manegement-System\apache-tomcat-8.5.9\conf\logging.properties
06-Jun-2017 15:15:15.180 信息 [main] org.apache.catalina.startup.VersionLoggerListener.log Command line argument: -Djava.util.logging.manager=org.apache.juli.ClassLoaderLogManager
06-Jun-2017 15:15:15.181 信息 [main] org.apache.catalina.startup.VersionLoggerListener.log Command line argument: -Djdk.tls.ephemeralDHKeySize=2048
06-Jun-2017 15:15:15.182 信息 [main] org.apache.catalina.startup.VersionLoggerListener.log Command line argument: -Djava.protocol.handler.pkgs=org.apache.catalina.webresources
06-Jun-2017 15:15:15.183 信息 [main] org.apache.catalina.startup.VersionLoggerListener.log Command line argument: -Dcatalina.base=F:\Code\DBMS\ContractManagement-GitHub1\Contact-Manegement-System\apache-tomcat-8.5.9
06-Jun-2017 15:15:15.184 信息 [main] org.apache.catalina.startup.VersionLoggerListener.log Command line argument: -Dcatalina.home=F:\Code\DBMS\ContractManagement-GitHub1\Contact-Manegement-System\apache-tomcat-8.5.9
06-Jun-2017 15:15:15.185 信息 [main] org.apache.catalina.startup.VersionLoggerListener.log Command line argument: -Djava.io.tmpdir=F:\Code\DBMS\ContractManagement-GitHub1\Contact-Manegement-System\apache-tomcat-8.5.9\temp
06-Jun-2017 15:15:15.186 信息 [main] org.apache.catalina.core.AprLifecycleListener.lifecycleEvent The APR based Apache Tomcat Native library which allows optimal performance in production environments was not found on the java.library.path: C:\Program Files\Java\jdk1.8.0_121\bin;C:\WINDOWS\Sun\Java\bin;C:\WINDOWS\system32;C:\WINDOWS;C:\ProgramData\Oracle\Java\javapath;C:\Program Files\Java\jdk1.8.0_121\bin;C:\Program Files\Java\jdk1.8.0_121\jre\bin;C:\WINDOWS\system32;C:\WINDOWS;C:\WINDOWS\system32\wbem;C:\WINDOWS\System32\Wbem;C:\WINDOWS\System32\WindowsPowerShell\v1.0\;C:\Program Files\MySQL\MySQL Utilities 1.6\;C:\WINDOWS\system32\config\systemprofile\.dnx\bin;C:\Program Files\Microsoft DNX\Dnvm\;C:\Program Files (x86)\Windows Kits\8.1\Windows Performance Toolkit\;C:\Program Files\Microsoft SQL Server\130\Tools\Binn\;F:\Python3_x\Scripts\;F:\Python3_x\;C:\Program Files\Intel\WiFi\bin\;C:\Program Files\Common Files\Intel\WirelessCommon\;C:\Program Files\Java\jdk1.8.0_121\bin;C:\Users\lenovo\AppData\Local\Microsoft\WindowsApps;C:\Program Files\MySQL\MySQL Server 8.0\bin;C:\Program Files\Java\jdk1.8.0_121\jre\bin;F:\Python2_x;.
06-Jun-2017 15:15:15.400 信息 [main] org.apache.coyote.AbstractProtocol.init Initializing ProtocolHandler ["http-nio-8080"]
06-Jun-2017 15:15:15.773 信息 [main] org.apache.tomcat.util.net.NioSelectorPool.getSharedSelector Using a shared selector for servlet write/read
06-Jun-2017 15:15:15.806 信息 [main] org.apache.coyote.AbstractProtocol.init Initializing ProtocolHandler ["ajp-nio-8009"]
06-Jun-2017 15:15:15.810 信息 [main] org.apache.tomcat.util.net.NioSelectorPool.getSharedSelector Using a shared selector for servlet write/read
06-Jun-2017 15:15:15.811 信息 [main] org.apache.catalina.startup.Catalina.load Initialization processed in 1662 ms
06-Jun-2017 15:15:15.890 信息 [main] org.apache.catalina.core.StandardService.startInternal Starting service Catalina
06-Jun-2017 15:15:15.890 信息 [main] org.apache.catalina.core.StandardEngine.startInternal Starting Servlet Engine: Apache Tomcat/8.5.9
06-Jun-2017 15:15:15.913 信息 [localhost-startStop-1] org.apache.catalina.startup.HostConfig.deployDirectory Deploying web application directory F:\Code\DBMS\ContractManagement-GitHub1\Contact-Manegement-System\apache-tomcat-8.5.9\webapps\docs
06-Jun-2017 15:15:16.446 信息 [localhost-startStop-1] org.apache.catalina.startup.HostConfig.deployDirectory Deployment of web application directory F:\Code\DBMS\ContractManagement-GitHub1\Contact-Manegement-System\apache-tomcat-8.5.9\webapps\docs has finished in 533 ms
06-Jun-2017 15:15:16.447 信息 [localhost-startStop-1] org.apache.catalina.startup.HostConfig.deployDirectory Deploying web application directory F:\Code\DBMS\ContractManagement-GitHub1\Contact-Manegement-System\apache-tomcat-8.5.9\webapps\examples
06-Jun-2017 15:15:17.960 信息 [localhost-startStop-1] org.apache.catalina.startup.HostConfig.deployDirectory Deployment of web application directory F:\Code\DBMS\ContractManagement-GitHub1\Contact-Manegement-System\apache-tomcat-8.5.9\webapps\examples has finished in 1,513 ms
06-Jun-2017 15:15:17.961 信息 [localhost-startStop-1] org.apache.catalina.startup.HostConfig.deployDirectory Deploying web application directory F:\Code\DBMS\ContractManagement-GitHub1\Contact-Manegement-System\apache-tomcat-8.5.9\webapps\host-manager
06-Jun-2017 15:15:18.050 信息 [localhost-startStop-1] org.apache.catalina.startup.HostConfig.deployDirectory Deployment of web application directory F:\Code\DBMS\ContractManagement-GitHub1\Contact-Manegement-System\apache-tomcat-8.5.9\webapps\host-manager has finished in 89 ms
06-Jun-2017 15:15:18.051 信息 [localhost-startStop-1] org.apache.catalina.startup.HostConfig.deployDirectory Deploying web application directory F:\Code\DBMS\ContractManagement-GitHub1\Contact-Manegement-System\apache-tomcat-8.5.9\webapps\manager
06-Jun-2017 15:15:18.147 信息 [localhost-startStop-1] org.apache.catalina.startup.HostConfig.deployDirectory Deployment of web application directory F:\Code\DBMS\ContractManagement-GitHub1\Contact-Manegement-System\apache-tomcat-8.5.9\webapps\manager has finished in 96 ms
06-Jun-2017 15:15:18.148 信息 [localhost-startStop-1] org.apache.catalina.startup.HostConfig.deployDirectory Deploying web application directory F:\Code\DBMS\ContractManagement-GitHub1\Contact-Manegement-System\apache-tomcat-8.5.9\webapps\ROOT
06-Jun-2017 15:15:18.209 信息 [localhost-startStop-1] org.apache.catalina.startup.HostConfig.deployDirectory Deployment of web application directory F:\Code\DBMS\ContractManagement-GitHub1\Contact-Manegement-System\apache-tomcat-8.5.9\webapps\ROOT has finished in 61 ms
06-Jun-2017 15:15:18.209 信息 [localhost-startStop-1] org.apache.catalina.startup.HostConfig.deployDirectory Deploying web application directory F:\Code\DBMS\ContractManagement-GitHub1\Contact-Manegement-System\apache-tomcat-8.5.9\webapps\test
06-Jun-2017 15:15:18.243 信息 [localhost-startStop-1] org.apache.catalina.startup.HostConfig.deployDirectory Deployment of web application directory F:\Code\DBMS\ContractManagement-GitHub1\Contact-Manegement-System\apache-tomcat-8.5.9\webapps\test has finished in 34 ms
06-Jun-2017 15:15:18.249 信息 [main] org.apache.coyote.AbstractProtocol.start Starting ProtocolHandler [http-nio-8080]
06-Jun-2017 15:15:18.264 信息 [main] org.apache.coyote.AbstractProtocol.start Starting ProtocolHandler [ajp-nio-8009]
06-Jun-2017 15:15:18.269 信息 [main] org.apache.catalina.startup.Catalina.start Server startup in 2458 ms
